Performing C SOURCE FILE Test CMAKE_HAVE_LIBC_PTHREAD failed with the following output:
Change Dir: /home/mahmoud/college/graphics/tears_engine/CMakeFiles/CMakeTmp

Run Build Command(s):/usr/bin/gmake cmTC_ce153/fast && /usr/bin/gmake -f CMakeFiles/cmTC_ce153.dir/build.make CMakeFiles/cmTC_ce153.dir/build
gmake[1]: Entering directory '/home/mahmoud/college/graphics/tears_engine/CMakeFiles/CMakeTmp'
Building C object CMakeFiles/cmTC_ce153.dir/src.c.o
/usr/bin/cc   -DCMAKE_HAVE_LIBC_PTHREAD   -o CMakeFiles/cmTC_ce153.dir/src.c.o   -c /home/mahmoud/college/graphics/tears_engine/CMakeFiles/CMakeTmp/src.c
Linking C executable cmTC_ce153
/usr/bin/cmake -E cmake_link_script CMakeFiles/cmTC_ce153.dir/link.txt --verbose=1
/usr/bin/cc  -DCMAKE_HAVE_LIBC_PTHREAD    -rdynamic CMakeFiles/cmTC_ce153.dir/src.c.o  -o cmTC_ce153 
/usr/bin/ld: CMakeFiles/cmTC_ce153.dir/src.c.o: in function `main':
src.c:(.text+0x46): undefined reference to `pthread_create'
/usr/bin/ld: src.c:(.text+0x52): undefined reference to `pthread_detach'
/usr/bin/ld: src.c:(.text+0x63): undefined reference to `pthread_join'
collect2: error: ld returned 1 exit status
gmake[1]: *** [CMakeFiles/cmTC_ce153.dir/build.make:87: cmTC_ce153] Error 1
gmake[1]: Leaving directory '/home/mahmoud/college/graphics/tears_engine/CMakeFiles/CMakeTmp'
gmake: *** [Makefile:121: cmTC_ce153/fast] Error 2


Source file was:
#include <pthread.h>

void* test_func(void* data)
{
  return data;
}

int main(void)
{
  pthread_t thread;
  pthread_create(&thread, NULL, test_func, NULL);
  pthread_detach(thread);
  pthread_join(thread, NULL);
  pthread_atfork(NULL, NULL, NULL);
  pthread_exit(NULL);

  return 0;
}

Determining if the function pthread_create exists in the pthreads failed with the following output:
Change Dir: /home/mahmoud/college/graphics/tears_engine/CMakeFiles/CMakeTmp

Run Build Command(s):/usr/bin/gmake cmTC_230d9/fast && /usr/bin/gmake -f CMakeFiles/cmTC_230d9.dir/build.make CMakeFiles/cmTC_230d9.dir/build
gmake[1]: Entering directory '/home/mahmoud/college/graphics/tears_engine/CMakeFiles/CMakeTmp'
Building C object CMakeFiles/cmTC_230d9.dir/CheckFunctionExists.c.o
/usr/bin/cc   -DCHECK_FUNCTION_EXISTS=pthread_create   -o CMakeFiles/cmTC_230d9.dir/CheckFunctionExists.c.o   -c /usr/share/cmake-3.16/Modules/CheckFunctionExists.c
Linking C executable cmTC_230d9
/usr/bin/cmake -E cmake_link_script CMakeFiles/cmTC_230d9.dir/link.txt --verbose=1
/usr/bin/cc  -DCHECK_FUNCTION_EXISTS=pthread_create    -rdynamic CMakeFiles/cmTC_230d9.dir/CheckFunctionExists.c.o  -o cmTC_230d9  -lpthreads 
/usr/bin/ld: cannot find -lpthreads
collect2: error: ld returned 1 exit status
gmake[1]: *** [CMakeFiles/cmTC_230d9.dir/build.make:87: cmTC_230d9] Error 1
gmake[1]: Leaving directory '/home/mahmoud/college/graphics/tears_engine/CMakeFiles/CMakeTmp'
gmake: *** [Makefile:121: cmTC_230d9/fast] Error 2



Performing C SOURCE FILE Test CMAKE_HAVE_LIBC_PTHREAD failed with the following output:
Change Dir: /home/ahmedezzat/Desktop/Graphics/tears_engine/CMakeFiles/CMakeTmp

Run Build Command(s):/usr/bin/make cmTC_abe8b/fast && /usr/bin/make -f CMakeFiles/cmTC_abe8b.dir/build.make CMakeFiles/cmTC_abe8b.dir/build
make[1]: Entering directory '/home/ahmedezzat/Desktop/Graphics/tears_engine/CMakeFiles/CMakeTmp'
Building C object CMakeFiles/cmTC_abe8b.dir/src.c.o
/usr/bin/cc   -DCMAKE_HAVE_LIBC_PTHREAD   -o CMakeFiles/cmTC_abe8b.dir/src.c.o   -c /home/ahmedezzat/Desktop/Graphics/tears_engine/CMakeFiles/CMakeTmp/src.c
Linking C executable cmTC_abe8b
/usr/bin/cmake -E cmake_link_script CMakeFiles/cmTC_abe8b.dir/link.txt --verbose=1
/usr/bin/cc  -DCMAKE_HAVE_LIBC_PTHREAD    -rdynamic CMakeFiles/cmTC_abe8b.dir/src.c.o  -o cmTC_abe8b 
/usr/bin/ld: CMakeFiles/cmTC_abe8b.dir/src.c.o: in function `main':
src.c:(.text+0x46): undefined reference to `pthread_create'
/usr/bin/ld: src.c:(.text+0x52): undefined reference to `pthread_detach'
/usr/bin/ld: src.c:(.text+0x63): undefined reference to `pthread_join'
collect2: error: ld returned 1 exit status
make[1]: *** [CMakeFiles/cmTC_abe8b.dir/build.make:87: cmTC_abe8b] Error 1
make[1]: Leaving directory '/home/ahmedezzat/Desktop/Graphics/tears_engine/CMakeFiles/CMakeTmp'
make: *** [Makefile:121: cmTC_abe8b/fast] Error 2


Source file was:
#include <pthread.h>

void* test_func(void* data)
{
  return data;
}

int main(void)
{
  pthread_t thread;
  pthread_create(&thread, NULL, test_func, NULL);
  pthread_detach(thread);
  pthread_join(thread, NULL);
  pthread_atfork(NULL, NULL, NULL);
  pthread_exit(NULL);

  return 0;
}

Determining if the function pthread_create exists in the pthreads failed with the following output:
Change Dir: /home/ahmedezzat/Desktop/Graphics/tears_engine/CMakeFiles/CMakeTmp

Run Build Command(s):/usr/bin/make cmTC_9fc79/fast && /usr/bin/make -f CMakeFiles/cmTC_9fc79.dir/build.make CMakeFiles/cmTC_9fc79.dir/build
make[1]: Entering directory '/home/ahmedezzat/Desktop/Graphics/tears_engine/CMakeFiles/CMakeTmp'
Building C object CMakeFiles/cmTC_9fc79.dir/CheckFunctionExists.c.o
/usr/bin/cc   -DCHECK_FUNCTION_EXISTS=pthread_create   -o CMakeFiles/cmTC_9fc79.dir/CheckFunctionExists.c.o   -c /usr/share/cmake-3.16/Modules/CheckFunctionExists.c
Linking C executable cmTC_9fc79
/usr/bin/cmake -E cmake_link_script CMakeFiles/cmTC_9fc79.dir/link.txt --verbose=1
/usr/bin/cc  -DCHECK_FUNCTION_EXISTS=pthread_create    -rdynamic CMakeFiles/cmTC_9fc79.dir/CheckFunctionExists.c.o  -o cmTC_9fc79  -lpthreads 
/usr/bin/ld: cannot find -lpthreads
collect2: error: ld returned 1 exit status
make[1]: *** [CMakeFiles/cmTC_9fc79.dir/build.make:87: cmTC_9fc79] Error 1
make[1]: Leaving directory '/home/ahmedezzat/Desktop/Graphics/tears_engine/CMakeFiles/CMakeTmp'
make: *** [Makefile:121: cmTC_9fc79/fast] Error 2



